<?xml version="1.0" encoding="UTF-8"?>
<testng-results skipped="0" failed="0" ignored="0" total="1" passed="1">
  <reporter-output>
  </reporter-output>
  <suite name="Default suite" duration-ms="93603" started-at="2020-06-17T15:28:39Z" finished-at="2020-06-17T15:30:13Z">
    <groups>
    </groups>
    <test name="Default test" duration-ms="93603" started-at="2020-06-17T15:28:39Z" finished-at="2020-06-17T15:30:13Z">
      <class name="com.w2a.testcase.CreateTimesheet">
        <test-method status="PASS" signature="setUp()[pri:0, instance:com.w2a.testcase.CreateTimesheet@58695725]" name="setUp" is-config="true" duration-ms="47311" started-at="2020-06-17T16:27:52Z" finished-at="2020-06-17T16:28:39Z">
          <reporter-output>
          </reporter-output>
        </test-method> <!-- setUp -->
        <test-method status="PASS" signature="createTimesheet()[pri:0, instance:com.w2a.testcase.CreateTimesheet@58695725]" name="createTimesheet" duration-ms="93560" started-at="2020-06-17T16:28:39Z" finished-at="2020-06-17T16:30:13Z">
          <reporter-output>
          </reporter-output>
        </test-method> <!-- createTimesheet -->
        <test-method status="PASS" signature="tearDown()[pri:0, instance:com.w2a.testcase.CreateTimesheet@58695725]" name="tearDown" is-config="true" duration-ms="78857" started-at="2020-06-17T16:30:14Z" finished-at="2020-06-17T16:31:33Z">
          <reporter-output>
          </reporter-output>
        </test-method> <!-- tearDown -->
      </class> <!-- com.w2a.testcase.CreateTimesheet -->
    </test> <!-- Default test -->
  </suite> <!-- Default suite -->
</testng-results>
